<?xml version="1.0" encoding="UTF-8"?>
<testng-results ignored="0" total="1" passed="1" failed="0" skipped="0">
  <reporter-output>
  </reporter-output>
  <suite started-at="2021-10-23T08:45:44 IST" name="Default suite" finished-at="2021-10-23T08:45:44 IST" duration-ms="39">
    <groups>
    </groups>
    <test started-at="2021-10-23T08:45:44 IST" name="Default test" finished-at="2021-10-23T08:45:44 IST" duration-ms="39">
      <class name="data_Stream.ReadCSVdoc">
        <test-method signature="getcsvdata()[pri:0, instance:data_Stream.ReadCSVdoc@f736069]" started-at="2021-10-23T08:45:44 IST" name="getcsvdata" finished-at="2021-10-23T08:45:44 IST" duration-ms="7" status="PASS">
          <reporter-output>
          </reporter-output>
        </test-method> <!-- getcsvdata -->
      </class> <!-- data_Stream.ReadCSVdoc -->
    </test> <!-- Default test -->
  </suite> <!-- Default suite -->
</testng-results>
